<?xml version="1.0" encoding="UTF-8"?>
<testsuite xmlns:xsi="http://www.w3.org/2001/XMLSchema-instance" xsi:noNamespaceSchemaLocation="https://maven.apache.org/surefire/maven-surefire-plugin/xsd/surefire-test-report.xsd" name="it.arancia.config.WebConfigurerTest" time="6.093" tests="8" errors="0" skipped="0" failures="0">
  <properties>
    <property name="sun.desktop" value="windows"/>
    <property name="awt.toolkit" value="sun.awt.windows.WToolkit"/>
    <property name="file.encoding.pkg" value="sun.io"/>
    <property name="java.specification.version" value="1.8"/>
    <property name="sun.cpu.isalist" value="amd64"/>
    <property name="sun.jnu.encoding" value="Cp1252"/>
    <property name="java.class.path" value="C:\Users\Arancia-ICT HP250G5\.m2\repository\org\apache\maven\surefire\surefire-booter\2.22.1\surefire-booter-2.22.1.jar;C:\Users\Arancia-ICT HP250G5\.m2\repository\org\apache\maven\surefire\surefire-api\2.22.1\surefire-api-2.22.1.jar;C:\Users\Arancia-ICT HP250G5\.m2\repository\org\apache\maven\surefire\surefire-logger-api\2.22.1\surefire-logger-api-2.22.1.jar;C:\workspace-jidea\imprendocasa\target\test-classes;C:\workspace-jidea\imprendocasa\target\classes;C:\Users\Arancia-ICT HP250G5\.m2\repository\io\github\jhipster\jhipster-framework\2.0.28\jhipster-framework-2.0.28.jar;C:\Users\Arancia-ICT HP250G5\.m2\repository\org\springframework\spring-context-support\5.0.10.RELEASE\spring-context-support-5.0.10.RELEASE.jar;C:\Users\Arancia-ICT HP250G5\.m2\repository\org\springframework\boot\spring-boot-actuator-autoconfigure\2.0.6.RELEASE\spring-boot-actuator-autoconfigure-2.0.6.RELEASE.jar;C:\Users\Arancia-ICT HP250G5\.m2\repository\org\springframework\boot\spring-boot-actuator\2.0.6.RELEASE\spring-boot-actuator-2.0.6.RELEASE.jar;C:\Users\Arancia-ICT HP250G5\.m2\repository\org\springframework\boot\spring-boot-autoconfigure\2.0.6.RELEASE\spring-boot-autoconfigure-2.0.6.RELEASE.jar;C:\Users\Arancia-ICT HP250G5\.m2\repository\org\springframework\boot\spring-boot-starter-cache\2.0.6.RELEASE\spring-boot-starter-cache-2.0.6.RELEASE.jar;C:\Users\Arancia-ICT HP250G5\.m2\repository\org\springframework\boot\spring-boot-starter\2.0.6.RELEASE\spring-boot-starter-2.0.6.RELEASE.jar;C:\Users\Arancia-ICT HP250G5\.m2\repository\javax\annotation\javax.annotation-api\1.3.2\javax.annotation-api-1.3.2.jar;C:\Users\Arancia-ICT HP250G5\.m2\repository\org\springframework\spring-context\5.0.10.RELEASE\spring-context-5.0.10.RELEASE.jar;C:\Users\Arancia-ICT HP250G5\.m2\repository\org\springframework\spring-expression\5.0.10.RELEASE\spring-expression-5.0.10.RELEASE.jar;C:\Users\Arancia-ICT HP250G5\.m2\repository\io\dropwizard\metrics\metrics-core\3.2.6\metrics-core-3.2.6.jar;C:\Users\Arancia-ICT HP250G5\.m2\repository\org\slf4j\slf4j-api\1.7.25\slf4j-api-1.7.25.jar;C:\Users\Arancia-ICT HP250G5\.m2\repository\io\dropwizard\metrics\metrics-annotation\3.2.6\metrics-annotation-3.2.6.jar;C:\Users\Arancia-ICT HP250G5\.m2\repository\io\dropwizard\metrics\metrics-json\3.2.6\metrics-json-3.2.6.jar;C:\Users\Arancia-ICT HP250G5\.m2\repository\com\fasterxml\jackson\core\jackson-databind\2.9.7\jackson-databind-2.9.7.jar;C:\Users\Arancia-ICT HP250G5\.m2\repository\io\prometheus\simpleclient\0.5.0\simpleclient-0.5.0.jar;C:\Users\Arancia-ICT HP250G5\.m2\repository\io\prometheus\simpleclient_dropwizard\0.5.0\simpleclient_dropwizard-0.5.0.jar;C:\Users\Arancia-ICT HP250G5\.m2\repository\io\prometheus\simpleclient_servlet\0.5.0\simpleclient_servlet-0.5.0.jar;C:\Users\Arancia-ICT HP250G5\.m2\repository\io\prometheus\simpleclient_common\0.5.0\simpleclient_common-0.5.0.jar;C:\Users\Arancia-ICT HP250G5\.m2\repository\io\dropwizard\metrics\metrics-jcache\3.2.6\metrics-jcache-3.2.6.jar;C:\Users\Arancia-ICT HP250G5\.m2\repository\io\dropwizard\metrics\metrics-jvm\3.2.6\metrics-jvm-3.2.6.jar;C:\Users\Arancia-ICT HP250G5\.m2\repository\io\dropwizard\metrics\metrics-servlet\3.2.6\metrics-servlet-3.2.6.jar;C:\Users\Arancia-ICT HP250G5\.m2\repository\io\dropwizard\metrics\metrics-servlets\3.2.6\metrics-servlets-3.2.6.jar;C:\Users\Arancia-ICT HP250G5\.m2\repository\io\dropwizard\metrics\metrics-healthchecks\3.2.6\metrics-healthchecks-3.2.6.jar;C:\Users\Arancia-ICT HP250G5\.m2\repository\com\papertrail\profiler\1.0.2\profiler-1.0.2.jar;C:\Users\Arancia-ICT HP250G5\.m2\repository\joda-time\joda-time\2.9.9\joda-time-2.9.9.jar;C:\Users\Arancia-ICT HP250G5\.m2\repository\com\fasterxml\jackson\datatype\jackson-datatype-hibernate5\2.9.7\jackson-datatype-hibernate5-2.9.7.jar;C:\Users\Arancia-ICT HP250G5\.m2\repository\javax\transaction\jta\1.1\jta-1.1.jar;C:\Users\Arancia-ICT HP250G5\.m2\repository\com\fasterxml\jackson\core\jackson-core\2.9.7\jackson-core-2.9.7.jar;C:\Users\Arancia-ICT HP250G5\.m2\repository\com\fasterxml\jackson\datatype\jackson-datatype-hppc\2.9.7\jackson-datatype-hppc-2.9.7.jar;C:\Users\Arancia-ICT HP250G5\.m2\repository\com\carrotsearch\hppc\0.7.1\hppc-0.7.1.jar;C:\Users\Arancia-ICT HP250G5\.m2\repository\com\fasterxml\jackson\datatype\jackson-datatype-jsr310\2.9.7\jackson-datatype-jsr310-2.9.7.jar;C:\Users\Arancia-ICT HP250G5\.m2\repository\com\fasterxml\jackson\core\jackson-annotations\2.9.0\jackson-annotations-2.9.0.jar;C:\Users\Arancia-ICT HP250G5\.m2\repository\com\fasterxml\jackson\module\jackson-module-afterburner\2.9.7\jackson-module-afterburner-2.9.7.jar;C:\Users\Arancia-ICT HP250G5\.m2\repository\com\h2database\h2\1.4.197\h2-1.4.197.jar;C:\Users\Arancia-ICT HP250G5\.m2\repository\com\jayway\jsonpath\json-path\2.4.0\json-path-2.4.0.jar;C:\Users\Arancia-ICT HP250G5\.m2\repository\net\minidev\json-smart\2.3\json-smart-2.3.jar;C:\Users\Arancia-ICT HP250G5\.m2\repository\net\minidev\accessors-smart\1.2\accessors-smart-1.2.jar;C:\Users\Arancia-ICT HP250G5\.m2\repository\org\ow2\asm\asm\5.0.4\asm-5.0.4.jar;C:\Users\Arancia-ICT HP250G5\.m2\repository\io\springfox\springfox-swagger2\2.9.2\springfox-swagger2-2.9.2.jar;C:\Users\Arancia-ICT HP250G5\.m2\repository\io\swagger\swagger-annotations\1.5.20\swagger-annotations-1.5.20.jar;C:\Users\Arancia-ICT HP250G5\.m2\repository\io\swagger\swagger-models\1.5.20\swagger-models-1.5.20.jar;C:\Users\Arancia-ICT HP250G5\.m2\repository\io\springfox\springfox-spi\2.9.2\springfox-spi-2.9.2.jar;C:\Users\Arancia-ICT HP250G5\.m2\repository\io\springfox\springfox-core\2.9.2\springfox-core-2.9.2.jar;C:\Users\Arancia-ICT HP250G5\.m2\repository\io\springfox\springfox-schema\2.9.2\springfox-schema-2.9.2.jar;C:\Users\Arancia-ICT HP250G5\.m2\repository\io\springfox\springfox-swagger-common\2.9.2\springfox-swagger-common-2.9.2.jar;C:\Users\Arancia-ICT HP250G5\.m2\repository\io\springfox\springfox-spring-web\2.9.2\springfox-spring-web-2.9.2.jar;C:\Users\Arancia-ICT HP250G5\.m2\repository\com\google\guava\guava\25.1-jre\guava-25.1-jre.jar;C:\Users\Arancia-ICT HP250G5\.m2\repository\org\checkerframework\checker-qual\2.0.0\checker-qual-2.0.0.jar;C:\Users\Arancia-ICT HP250G5\.m2\repository\com\google\errorprone\error_prone_annotations\2.1.3\error_prone_annotations-2.1.3.jar;C:\Users\Arancia-ICT HP250G5\.m2\repository\com\google\j2objc\j2objc-annotations\1.1\j2objc-annotations-1.1.jar;C:\Users\Arancia-ICT HP250G5\.m2\repository\org\codehaus\mojo\animal-sniffer-annotations\1.14\animal-sniffer-annotations-1.14.jar;C:\Users\Arancia-ICT HP250G5\.m2\repository\com\fasterxml\classmate\1.3.4\classmate-1.3.4.jar;C:\Users\Arancia-ICT HP250G5\.m2\repository\org\springframework\plugin\spring-plugin-core\1.2.0.RELEASE\spring-plugin-core-1.2.0.RELEASE.jar;C:\Users\Arancia-ICT HP250G5\.m2\repository\org\springframework\plugin\spring-plugin-metadata\1.2.0.RELEASE\spring-plugin-metadata-1.2.0.RELEASE.jar;C:\Users\Arancia-ICT HP250G5\.m2\repository\io\springfox\springfox-bean-validators\2.9.2\springfox-bean-validators-2.9.2.jar;C:\Users\Arancia-ICT HP250G5\.m2\repository\com\mattbertolini\liquibase-slf4j\2.0.0\liquibase-slf4j-2.0.0.jar;C:\Users\Arancia-ICT HP250G5\.m2\repository\com\ryantenney\metrics\metrics-spring\3.1.3\metrics-spring-3.1.3.jar;C:\Users\Arancia-ICT HP250G5\.m2\repository\org\springframework\spring-core\5.0.10.RELEASE\spring-core-5.0.10.RELEASE.jar;C:\Users\Arancia-ICT HP250G5\.m2\repository\org\springframework\spring-jcl\5.0.10.RELEASE\spring-jcl-5.0.10.RELEASE.jar;C:\Users\Arancia-ICT HP250G5\.m2\repository\org\springframework\spring-beans\5.0.10.RELEASE\spring-beans-5.0.10.RELEASE.jar;C:\Users\Arancia-ICT HP250G5\.m2\repository\org\springframework\spring-aop\5.0.10.RELEASE\spring-aop-5.0.10.RELEASE.jar;C:\Users\Arancia-ICT HP250G5\.m2\repository\com\zaxxer\HikariCP\2.7.9\HikariCP-2.7.9.jar;C:\Users\Arancia-ICT HP250G5\.m2\repository\commons-io\commons-io\2.6\commons-io-2.6.jar;C:\Users\Arancia-ICT HP250G5\.m2\repository\com\google\code\gson\gson\2.8.5\gson-2.8.5.jar;C:\Users\Arancia-ICT HP250G5\.m2\repository\org\apache\commons\commons-lang3\3.7\commons-lang3-3.7.jar;C:\Users\Arancia-ICT HP250G5\.m2\repository\javax\cache\cache-api\1.1.0\cache-api-1.1.0.jar;C:\Users\Arancia-ICT HP250G5\.m2\repository\mysql\mysql-connector-java\5.1.47\mysql-connector-java-5.1.47.jar;C:\Users\Arancia-ICT HP250G5\.m2\repository\org\assertj\assertj-core\3.9.1\assertj-core-3.9.1.jar;C:\Users\Arancia-ICT HP250G5\.m2\repository\org\ehcache\ehcache\3.5.3\ehcache-3.5.3.jar;C:\Users\Arancia-ICT HP250G5\.m2\repository\org\hibernate\hibernate-jcache\5.2.17.Final\hibernate-jcache-5.2.17.Final.jar;C:\Users\Arancia-ICT HP250G5\.m2\repository\org\jboss\logging\jboss-logging\3.3.2.Final\jboss-logging-3.3.2.Final.jar;C:\Users\Arancia-ICT HP250G5\.m2\repository\org\hibernate\hibernate-core\5.2.17.Final\hibernate-core-5.2.17.Final.jar;C:\Users\Arancia-ICT HP250G5\.m2\repository\org\hibernate\javax\persistence\hibernate-jpa-2.1-api\1.0.2.Final\hibernate-jpa-2.1-api-1.0.2.Final.jar;C:\Users\Arancia-ICT HP250G5\.m2\repository\org\javassist\javassist\3.22.0-GA\javassist-3.22.0-GA.jar;C:\Users\Arancia-ICT HP250G5\.m2\repository\antlr\antlr\2.7.7\antlr-2.7.7.jar;C:\Users\Arancia-ICT HP250G5\.m2\repository\org\jboss\spec\javax\transaction\jboss-transaction-api_1.2_spec\1.0.1.Final\jboss-transaction-api_1.2_spec-1.0.1.Final.jar;C:\Users\Arancia-ICT HP250G5\.m2\repository\org\jboss\jandex\2.0.3.Final\jandex-2.0.3.Final.jar;C:\Users\Arancia-ICT HP250G5\.m2\repository\dom4j\dom4j\1.6.1\dom4j-1.6.1.jar;C:\Users\Arancia-ICT HP250G5\.m2\repository\org\hibernate\common\hibernate-commons-annotations\5.0.1.Final\hibernate-commons-annotations-5.0.1.Final.jar;C:\Users\Arancia-ICT HP250G5\.m2\repository\org\hibernate\hibernate-jpamodelgen\5.2.17.Final\hibernate-jpamodelgen-5.2.17.Final.jar;C:\Users\Arancia-ICT HP250G5\.m2\repository\org\hibernate\hibernate-envers\5.2.17.Final\hibernate-envers-5.2.17.Final.jar;C:\Users\Arancia-ICT HP250G5\.m2\repository\org\hibernate\validator\hibernate-validator\6.0.13.Final\hibernate-validator-6.0.13.Final.jar;C:\Users\Arancia-ICT HP250G5\.m2\repository\javax\validation\validation-api\2.0.1.Final\validation-api-2.0.1.Final.jar;C:\Users\Arancia-ICT HP250G5\.m2\repository\org\liquibase\liquibase-core\3.5.5\liquibase-core-3.5.5.jar;C:\Users\Arancia-ICT HP250G5\.m2\repository\org\yaml\snakeyaml\1.19\snakeyaml-1.19.jar;C:\Users\Arancia-ICT HP250G5\.m2\repository\net\logstash\logback\logstash-logback-encoder\5.2\logstash-logback-encoder-5.2.jar;C:\Users\Arancia-ICT HP250G5\.m2\repository\org\mapstruct\mapstruct-jdk8\1.2.0.Final\mapstruct-jdk8-1.2.0.Final.jar;C:\Users\Arancia-ICT HP250G5\.m2\repository\org\mapstruct\mapstruct-processor\1.2.0.Final\mapstruct-processor-1.2.0.Final.jar;C:\Users\Arancia-ICT HP250G5\.m2\repository\org\springframework\boot\spring-boot-configuration-processor\2.0.6.RELEASE\spring-boot-configuration-processor-2.0.6.RELEASE.jar;C:\Users\Arancia-ICT HP250G5\.m2\repository\org\springframework\boot\spring-boot-loader-tools\2.0.6.RELEASE\spring-boot-loader-tools-2.0.6.RELEASE.jar;C:\Users\Arancia-ICT HP250G5\.m2\repository\org\apache\commons\commons-compress\1.14\commons-compress-1.14.jar;C:\Users\Arancia-ICT HP250G5\.m2\repository\org\springframework\boot\spring-boot-starter-actuator\2.0.6.RELEASE\spring-boot-starter-actuator-2.0.6.RELEASE.jar;C:\Users\Arancia-ICT HP250G5\.m2\repository\io\micrometer\micrometer-core\1.0.7\micrometer-core-1.0.7.jar;C:\Users\Arancia-ICT HP250G5\.m2\repository\org\hdrhistogram\HdrHistogram\2.1.10\HdrHistogram-2.1.10.jar;C:\Users\Arancia-ICT HP250G5\.m2\repository\org\latencyutils\LatencyUtils\2.0.3\LatencyUtils-2.0.3.jar;C:\Users\Arancia-ICT HP250G5\.m2\repository\org\springframework\boot\spring-boot-starter-aop\2.0.6.RELEASE\spring-boot-starter-aop-2.0.6.RELEASE.jar;C:\Users\Arancia-ICT HP250G5\.m2\repository\org\aspectj\aspectjweaver\1.8.13\aspectjweaver-1.8.13.jar;C:\Users\Arancia-ICT HP250G5\.m2\repository\org\springframework\boot\spring-boot-starter-data-jpa\2.0.6.RELEASE\spring-boot-starter-data-jpa-2.0.6.RELEASE.jar;C:\Users\Arancia-ICT HP250G5\.m2\repository\org\springframework\boot\spring-boot-starter-jdbc\2.0.6.RELEASE\spring-boot-starter-jdbc-2.0.6.RELEASE.jar;C:\Users\Arancia-ICT HP250G5\.m2\repository\org\springframework\spring-jdbc\5.0.10.RELEASE\spring-jdbc-5.0.10.RELEASE.jar;C:\Users\Arancia-ICT HP250G5\.m2\repository\javax\transaction\javax.transaction-api\1.2\javax.transaction-api-1.2.jar;C:\Users\Arancia-ICT HP250G5\.m2\repository\org\springframework\data\spring-data-jpa\2.0.11.RELEASE\spring-data-jpa-2.0.11.RELEASE.jar;C:\Users\Arancia-ICT HP250G5\.m2\repository\org\springframework\spring-orm\5.0.10.RELEASE\spring-orm-5.0.10.RELEASE.jar;C:\Users\Arancia-ICT HP250G5\.m2\repository\org\springframework\spring-tx\5.0.10.RELEASE\spring-tx-5.0.10.RELEASE.jar;C:\Users\Arancia-ICT HP250G5\.m2\repository\org\springframework\spring-aspects\5.0.10.RELEASE\spring-aspects-5.0.10.RELEASE.jar;C:\Users\Arancia-ICT HP250G5\.m2\repository\org\springframework\boot\spring-boot-starter-logging\2.0.6.RELEASE\spring-boot-starter-logging-2.0.6.RELEASE.jar;C:\Users\Arancia-ICT HP250G5\.m2\repository\ch\qos\logback\logback-classic\1.2.3\logback-classic-1.2.3.jar;C:\Users\Arancia-ICT HP250G5\.m2\repository\ch\qos\logback\logback-core\1.2.3\logback-core-1.2.3.jar;C:\Users\Arancia-ICT HP250G5\.m2\repository\org\apache\logging\log4j\log4j-to-slf4j\2.10.0\log4j-to-slf4j-2.10.0.jar;C:\Users\Arancia-ICT HP250G5\.m2\repository\org\apache\logging\log4j\log4j-api\2.10.0\log4j-api-2.10.0.jar;C:\Users\Arancia-ICT HP250G5\.m2\repository\org\slf4j\jul-to-slf4j\1.7.25\jul-to-slf4j-1.7.25.jar;C:\Users\Arancia-ICT HP250G5\.m2\repository\org\springframework\boot\spring-boot-starter-mail\2.0.6.RELEASE\spring-boot-starter-mail-2.0.6.RELEASE.jar;C:\Users\Arancia-ICT HP250G5\.m2\repository\com\sun\mail\javax.mail\1.6.2\javax.mail-1.6.2.jar;C:\Users\Arancia-ICT HP250G5\.m2\repository\javax\activation\activation\1.1\activation-1.1.jar;C:\Users\Arancia-ICT HP250G5\.m2\repository\org\springframework\boot\spring-boot-starter-security\2.0.6.RELEASE\spring-boot-starter-security-2.0.6.RELEASE.jar;C:\Users\Arancia-ICT HP250G5\.m2\repository\org\springframework\security\spring-security-config\5.0.9.RELEASE\spring-security-config-5.0.9.RELEASE.jar;C:\Users\Arancia-ICT HP250G5\.m2\repository\org\springframework\security\spring-security-web\5.0.9.RELEASE\spring-security-web-5.0.9.RELEASE.jar;C:\Users\Arancia-ICT HP250G5\.m2\repository\org\springframework\boot\spring-boot-starter-thymeleaf\2.0.6.RELEASE\spring-boot-starter-thymeleaf-2.0.6.RELEASE.jar;C:\Users\Arancia-ICT HP250G5\.m2\repository\org\thymeleaf\thymeleaf-spring5\3.0.10.RELEASE\thymeleaf-spring5-3.0.10.RELEASE.jar;C:\Users\Arancia-ICT HP250G5\.m2\repository\org\thymeleaf\thymeleaf\3.0.10.RELEASE\thymeleaf-3.0.10.RELEASE.jar;C:\Users\Arancia-ICT HP250G5\.m2\repository\org\attoparser\attoparser\2.0.5.RELEASE\attoparser-2.0.5.RELEASE.jar;C:\Users\Arancia-ICT HP250G5\.m2\repository\org\unbescape\unbescape\1.1.6.RELEASE\unbescape-1.1.6.RELEASE.jar;C:\Users\Arancia-ICT HP250G5\.m2\repository\org\thymeleaf\extras\thymeleaf-extras-java8time\3.0.1.RELEASE\thymeleaf-extras-java8time-3.0.1.RELEASE.jar;C:\Users\Arancia-ICT HP250G5\.m2\repository\org\springframework\boot\spring-boot-starter-web\2.0.6.RELEASE\spring-boot-starter-web-2.0.6.RELEASE.jar;C:\Users\Arancia-ICT HP250G5\.m2\repository\org\springframework\boot\spring-boot-starter-json\2.0.6.RELEASE\spring-boot-starter-json-2.0.6.RELEASE.jar;C:\Users\Arancia-ICT HP250G5\.m2\repository\com\fasterxml\jackson\datatype\jackson-datatype-jdk8\2.9.7\jackson-datatype-jdk8-2.9.7.jar;C:\Users\Arancia-ICT HP250G5\.m2\repository\com\fasterxml\jackson\module\jackson-module-parameter-names\2.9.7\jackson-module-parameter-names-2.9.7.jar;C:\Users\Arancia-ICT HP250G5\.m2\repository\org\springframework\spring-web\5.0.10.RELEASE\spring-web-5.0.10.RELEASE.jar;C:\Users\Arancia-ICT HP250G5\.m2\repository\org\springframework\spring-webmvc\5.0.10.RELEASE\spring-webmvc-5.0.10.RELEASE.jar;C:\Users\Arancia-ICT HP250G5\.m2\repository\org\springframework\boot\spring-boot-starter-test\2.0.6.RELEASE\spring-boot-starter-test-2.0.6.RELEASE.jar;C:\Users\Arancia-ICT HP250G5\.m2\repository\org\springframework\boot\spring-boot-test-autoconfigure\2.0.6.RELEASE\spring-boot-test-autoconfigure-2.0.6.RELEASE.jar;C:\Users\Arancia-ICT HP250G5\.m2\repository\junit\junit\4.12\junit-4.12.jar;C:\Users\Arancia-ICT HP250G5\.m2\repository\org\mockito\mockito-core\2.15.0\mockito-core-2.15.0.jar;C:\Users\Arancia-ICT HP250G5\.m2\repository\net\bytebuddy\byte-buddy\1.7.11\byte-buddy-1.7.11.jar;C:\Users\Arancia-ICT HP250G5\.m2\repository\net\bytebuddy\byte-buddy-agent\1.7.11\byte-buddy-agent-1.7.11.jar;C:\Users\Arancia-ICT HP250G5\.m2\repository\org\objenesis\objenesis\2.6\objenesis-2.6.jar;C:\Users\Arancia-ICT HP250G5\.m2\repository\org\hamcrest\hamcrest-core\1.3\hamcrest-core-1.3.jar;C:\Users\Arancia-ICT HP250G5\.m2\repository\org\hamcrest\hamcrest-library\1.3\hamcrest-library-1.3.jar;C:\Users\Arancia-ICT HP250G5\.m2\repository\org\skyscreamer\jsonassert\1.5.0\jsonassert-1.5.0.jar;C:\Users\Arancia-ICT HP250G5\.m2\repository\org\springframework\spring-test\5.0.10.RELEASE\spring-test-5.0.10.RELEASE.jar;C:\Users\Arancia-ICT HP250G5\.m2\repository\org\xmlunit\xmlunit-core\2.5.1\xmlunit-core-2.5.1.jar;C:\Users\Arancia-ICT HP250G5\.m2\repository\org\springframework\boot\spring-boot-test\2.0.6.RELEASE\spring-boot-test-2.0.6.RELEASE.jar;C:\Users\Arancia-ICT HP250G5\.m2\repository\org\springframework\boot\spring-boot\2.0.6.RELEASE\spring-boot-2.0.6.RELEASE.jar;C:\Users\Arancia-ICT HP250G5\.m2\repository\org\springframework\security\spring-security-test\5.0.9.RELEASE\spring-security-test-5.0.9.RELEASE.jar;C:\Users\Arancia-ICT HP250G5\.m2\repository\org\springframework\security\spring-security-core\5.0.9.RELEASE\spring-security-core-5.0.9.RELEASE.jar;C:\Users\Arancia-ICT HP250G5\.m2\repository\org\zalando\problem-spring-web\0.24.0-RC.0\problem-spring-web-0.24.0-RC.0.jar;C:\Users\Arancia-ICT HP250G5\.m2\repository\org\zalando\problem-violations\0.24.0-RC.0\problem-violations-0.24.0-RC.0.jar;C:\Users\Arancia-ICT HP250G5\.m2\repository\org\zalando\problem-spring-common\0.24.0-RC.0\problem-spring-common-0.24.0-RC.0.jar;C:\Users\Arancia-ICT HP250G5\.m2\repository\org\apiguardian\apiguardian-api\1.0.0\apiguardian-api-1.0.0.jar;C:\Users\Arancia-ICT HP250G5\.m2\repository\com\google\code\findbugs\jsr305\3.0.2\jsr305-3.0.2.jar;C:\Users\Arancia-ICT HP250G5\.m2\repository\org\zalando\problem\0.21.0\problem-0.21.0.jar;C:\Users\Arancia-ICT HP250G5\.m2\repository\org\zalando\jackson-datatype-problem\0.21.0\jackson-datatype-problem-0.21.0.jar;C:\Users\Arancia-ICT HP250G5\.m2\repository\org\zalando\faux-pas\0.8.0\faux-pas-0.8.0.jar;C:\Users\Arancia-ICT HP250G5\.m2\repository\org\springframework\boot\spring-boot-starter-cloud-connectors\2.0.6.RELEASE\spring-boot-starter-cloud-connectors-2.0.6.RELEASE.jar;C:\Users\Arancia-ICT HP250G5\.m2\repository\org\springframework\cloud\spring-cloud-spring-service-connector\2.0.3.RELEASE\spring-cloud-spring-service-connector-2.0.3.RELEASE.jar;C:\Users\Arancia-ICT HP250G5\.m2\repository\org\springframework\cloud\spring-cloud-connectors-core\2.0.3.RELEASE\spring-cloud-connectors-core-2.0.3.RELEASE.jar;C:\Users\Arancia-ICT HP250G5\.m2\repository\org\springframework\cloud\spring-cloud-cloudfoundry-connector\2.0.3.RELEASE\spring-cloud-cloudfoundry-connector-2.0.3.RELEASE.jar;C:\Users\Arancia-ICT HP250G5\.m2\repository\org\springframework\cloud\spring-cloud-heroku-connector\2.0.3.RELEASE\spring-cloud-heroku-connector-2.0.3.RELEASE.jar;C:\Users\Arancia-ICT HP250G5\.m2\repository\org\springframework\cloud\spring-cloud-localconfig-connector\2.0.3.RELEASE\spring-cloud-localconfig-connector-2.0.3.RELEASE.jar;C:\Users\Arancia-ICT HP250G5\.m2\repository\org\springframework\security\spring-security-data\5.0.9.RELEASE\spring-security-data-5.0.9.RELEASE.jar;C:\Users\Arancia-ICT HP250G5\.m2\repository\javax\xml\bind\jaxb-api\2.3.1\jaxb-api-2.3.1.jar;C:\Users\Arancia-ICT HP250G5\.m2\repository\javax\activation\javax.activation-api\1.2.0\javax.activation-api-1.2.0.jar;C:\Users\Arancia-ICT HP250G5\.m2\repository\org\springframework\data\spring-data-commons\2.0.11.RELEASE\spring-data-commons-2.0.11.RELEASE.jar;C:\Users\Arancia-ICT HP250G5\.m2\repository\org\springframework\boot\spring-boot-starter-undertow\2.0.6.RELEASE\spring-boot-starter-undertow-2.0.6.RELEASE.jar;C:\Users\Arancia-ICT HP250G5\.m2\repository\io\undertow\undertow-core\1.4.26.Final\undertow-core-1.4.26.Final.jar;C:\Users\Arancia-ICT HP250G5\.m2\repository\org\jboss\xnio\xnio-api\3.3.8.Final\xnio-api-3.3.8.Final.jar;C:\Users\Arancia-ICT HP250G5\.m2\repository\org\jboss\xnio\xnio-nio\3.3.8.Final\xnio-nio-3.3.8.Final.jar;C:\Users\Arancia-ICT HP250G5\.m2\repository\io\undertow\undertow-servlet\1.4.26.Final\undertow-servlet-1.4.26.Final.jar;C:\Users\Arancia-ICT HP250G5\.m2\repository\org\jboss\spec\javax\annotation\jboss-annotations-api_1.2_spec\1.0.2.Final\jboss-annotations-api_1.2_spec-1.0.2.Final.jar;C:\Users\Arancia-ICT HP250G5\.m2\repository\io\undertow\undertow-websockets-jsr\1.4.26.Final\undertow-websockets-jsr-1.4.26.Final.jar;C:\Users\Arancia-ICT HP250G5\.m2\repository\org\jboss\spec\javax\websocket\jboss-websocket-api_1.1_spec\1.1.3.Final\jboss-websocket-api_1.1_spec-1.1.3.Final.jar;C:\Users\Arancia-ICT HP250G5\.m2\repository\javax\servlet\javax.servlet-api\3.1.0\javax.servlet-api-3.1.0.jar;C:\Users\Arancia-ICT HP250G5\.m2\repository\org\glassfish\javax.el\3.0.0\javax.el-3.0.0.jar;C:\Users\Arancia-ICT HP250G5\.m2\repository\org\springframework\boot\spring-boot-devtools\2.0.6.RELEASE\spring-boot-devtools-2.0.6.RELEASE.jar;C:\Users\Arancia-ICT HP250G5\.m2\repository\org\apache\maven\surefire\surefire-junit4\2.22.1\surefire-junit4-2.22.1.jar;C:\\Users\\Arancia-ICT HP250G5\\.m2\\repository\\org\\jacoco\\org.jacoco.agent\\0.8.2\\org.jacoco.agent-0.8.2-runtime.jar"/>
    <property name="java.vm.vendor" value="Oracle Corporation"/>
    <property name="sun.arch.data.model" value="64"/>
    <property name="user.variant" value=""/>
    <property name="java.vendor.url" value="http://java.oracle.com/"/>
    <property name="user.timezone" value="Europe/Berlin"/>
    <property name="java.vm.specification.version" value="1.8"/>
    <property name="os.name" value="Windows 10"/>
    <property name="user.country" value="IT"/>
    <property name="sun.java.launcher" value="SUN_STANDARD"/>
    <property name="sun.boot.library.path" value="C:\Program Files\Java\jdk1.8.0_111\jre\bin"/>
    <property name="sun.java.command" value="org.apache.maven.surefire.booter.ForkedBooter C:\Users\Arancia-ICT HP250G5\AppData\Local\Temp\surefire364866150491222292 2019-01-29T13-03-50_231-jvmRun1 surefire8690405362141825208tmp surefire_05839897017655983415tmp"/>
    <property name="surefire.test.class.path" value="C:\workspace-jidea\imprendocasa\target\test-classes;C:\workspace-jidea\imprendocasa\target\classes;C:\Users\Arancia-ICT HP250G5\.m2\repository\io\github\jhipster\jhipster-framework\2.0.28\jhipster-framework-2.0.28.jar;C:\Users\Arancia-ICT HP250G5\.m2\repository\org\springframework\spring-context-support\5.0.10.RELEASE\spring-context-support-5.0.10.RELEASE.jar;C:\Users\Arancia-ICT HP250G5\.m2\repository\org\springframework\boot\spring-boot-actuator-autoconfigure\2.0.6.RELEASE\spring-boot-actuator-autoconfigure-2.0.6.RELEASE.jar;C:\Users\Arancia-ICT HP250G5\.m2\repository\org\springframework\boot\spring-boot-actuator\2.0.6.RELEASE\spring-boot-actuator-2.0.6.RELEASE.jar;C:\Users\Arancia-ICT HP250G5\.m2\repository\org\springframework\boot\spring-boot-autoconfigure\2.0.6.RELEASE\spring-boot-autoconfigure-2.0.6.RELEASE.jar;C:\Users\Arancia-ICT HP250G5\.m2\repository\org\springframework\boot\spring-boot-starter-cache\2.0.6.RELEASE\spring-boot-starter-cache-2.0.6.RELEASE.jar;C:\Users\Arancia-ICT HP250G5\.m2\repository\org\springframework\boot\spring-boot-starter\2.0.6.RELEASE\spring-boot-starter-2.0.6.RELEASE.jar;C:\Users\Arancia-ICT HP250G5\.m2\repository\javax\annotation\javax.annotation-api\1.3.2\javax.annotation-api-1.3.2.jar;C:\Users\Arancia-ICT HP250G5\.m2\repository\org\springframework\spring-context\5.0.10.RELEASE\spring-context-5.0.10.RELEASE.jar;C:\Users\Arancia-ICT HP250G5\.m2\repository\org\springframework\spring-expression\5.0.10.RELEASE\spring-expression-5.0.10.RELEASE.jar;C:\Users\Arancia-ICT HP250G5\.m2\repository\io\dropwizard\metrics\metrics-core\3.2.6\metrics-core-3.2.6.jar;C:\Users\Arancia-ICT HP250G5\.m2\repository\org\slf4j\slf4j-api\1.7.25\slf4j-api-1.7.25.jar;C:\Users\Arancia-ICT HP250G5\.m2\repository\io\dropwizard\metrics\metrics-annotation\3.2.6\metrics-annotation-3.2.6.jar;C:\Users\Arancia-ICT HP250G5\.m2\repository\io\dropwizard\metrics\metrics-json\3.2.6\metrics-json-3.2.6.jar;C:\Users\Arancia-ICT HP250G5\.m2\repository\com\fasterxml\jackson\core\jackson-databind\2.9.7\jackson-databind-2.9.7.jar;C:\Users\Arancia-ICT HP250G5\.m2\repository\io\prometheus\simpleclient\0.5.0\simpleclient-0.5.0.jar;C:\Users\Arancia-ICT HP250G5\.m2\repository\io\prometheus\simpleclient_dropwizard\0.5.0\simpleclient_dropwizard-0.5.0.jar;C:\Users\Arancia-ICT HP250G5\.m2\repository\io\prometheus\simpleclient_servlet\0.5.0\simpleclient_servlet-0.5.0.jar;C:\Users\Arancia-ICT HP250G5\.m2\repository\io\prometheus\simpleclient_common\0.5.0\simpleclient_common-0.5.0.jar;C:\Users\Arancia-ICT HP250G5\.m2\repository\io\dropwizard\metrics\metrics-jcache\3.2.6\metrics-jcache-3.2.6.jar;C:\Users\Arancia-ICT HP250G5\.m2\repository\io\dropwizard\metrics\metrics-jvm\3.2.6\metrics-jvm-3.2.6.jar;C:\Users\Arancia-ICT HP250G5\.m2\repository\io\dropwizard\metrics\metrics-servlet\3.2.6\metrics-servlet-3.2.6.jar;C:\Users\Arancia-ICT HP250G5\.m2\repository\io\dropwizard\metrics\metrics-servlets\3.2.6\metrics-servlets-3.2.6.jar;C:\Users\Arancia-ICT HP250G5\.m2\repository\io\dropwizard\metrics\metrics-healthchecks\3.2.6\metrics-healthchecks-3.2.6.jar;C:\Users\Arancia-ICT HP250G5\.m2\repository\com\papertrail\profiler\1.0.2\profiler-1.0.2.jar;C:\Users\Arancia-ICT HP250G5\.m2\repository\joda-time\joda-time\2.9.9\joda-time-2.9.9.jar;C:\Users\Arancia-ICT HP250G5\.m2\repository\com\fasterxml\jackson\datatype\jackson-datatype-hibernate5\2.9.7\jackson-datatype-hibernate5-2.9.7.jar;C:\Users\Arancia-ICT HP250G5\.m2\repository\javax\transaction\jta\1.1\jta-1.1.jar;C:\Users\Arancia-ICT HP250G5\.m2\repository\com\fasterxml\jackson\core\jackson-core\2.9.7\jackson-core-2.9.7.jar;C:\Users\Arancia-ICT HP250G5\.m2\repository\com\fasterxml\jackson\datatype\jackson-datatype-hppc\2.9.7\jackson-datatype-hppc-2.9.7.jar;C:\Users\Arancia-ICT HP250G5\.m2\repository\com\carrotsearch\hppc\0.7.1\hppc-0.7.1.jar;C:\Users\Arancia-ICT HP250G5\.m2\repository\com\fasterxml\jackson\datatype\jackson-datatype-jsr310\2.9.7\jackson-datatype-jsr310-2.9.7.jar;C:\Users\Arancia-ICT HP250G5\.m2\repository\com\fasterxml\jackson\core\jackson-annotations\2.9.0\jackson-annotations-2.9.0.jar;C:\Users\Arancia-ICT HP250G5\.m2\repository\com\fasterxml\jackson\module\jackson-module-afterburner\2.9.7\jackson-module-afterburner-2.9.7.jar;C:\Users\Arancia-ICT HP250G5\.m2\repository\com\h2database\h2\1.4.197\h2-1.4.197.jar;C:\Users\Arancia-ICT HP250G5\.m2\repository\com\jayway\jsonpath\json-path\2.4.0\json-path-2.4.0.jar;C:\Users\Arancia-ICT HP250G5\.m2\repository\net\minidev\json-smart\2.3\json-smart-2.3.jar;C:\Users\Arancia-ICT HP250G5\.m2\repository\net\minidev\accessors-smart\1.2\accessors-smart-1.2.jar;C:\Users\Arancia-ICT HP250G5\.m2\repository\org\ow2\asm\asm\5.0.4\asm-5.0.4.jar;C:\Users\Arancia-ICT HP250G5\.m2\repository\io\springfox\springfox-swagger2\2.9.2\springfox-swagger2-2.9.2.jar;C:\Users\Arancia-ICT HP250G5\.m2\repository\io\swagger\swagger-annotations\1.5.20\swagger-annotations-1.5.20.jar;C:\Users\Arancia-ICT HP250G5\.m2\repository\io\swagger\swagger-models\1.5.20\swagger-models-1.5.20.jar;C:\Users\Arancia-ICT HP250G5\.m2\repository\io\springfox\springfox-spi\2.9.2\springfox-spi-2.9.2.jar;C:\Users\Arancia-ICT HP250G5\.m2\repository\io\springfox\springfox-core\2.9.2\springfox-core-2.9.2.jar;C:\Users\Arancia-ICT HP250G5\.m2\repository\io\springfox\springfox-schema\2.9.2\springfox-schema-2.9.2.jar;C:\Users\Arancia-ICT HP250G5\.m2\repository\io\springfox\springfox-swagger-common\2.9.2\springfox-swagger-common-2.9.2.jar;C:\Users\Arancia-ICT HP250G5\.m2\repository\io\springfox\springfox-spring-web\2.9.2\springfox-spring-web-2.9.2.jar;C:\Users\Arancia-ICT HP250G5\.m2\repository\com\google\guava\guava\25.1-jre\guava-25.1-jre.jar;C:\Users\Arancia-ICT HP250G5\.m2\repository\org\checkerframework\checker-qual\2.0.0\checker-qual-2.0.0.jar;C:\Users\Arancia-ICT HP250G5\.m2\repository\com\google\errorprone\error_prone_annotations\2.1.3\error_prone_annotations-2.1.3.jar;C:\Users\Arancia-ICT HP250G5\.m2\repository\com\google\j2objc\j2objc-annotations\1.1\j2objc-annotations-1.1.jar;C:\Users\Arancia-ICT HP250G5\.m2\repository\org\codehaus\mojo\animal-sniffer-annotations\1.14\animal-sniffer-annotations-1.14.jar;C:\Users\Arancia-ICT HP250G5\.m2\repository\com\fasterxml\classmate\1.3.4\classmate-1.3.4.jar;C:\Users\Arancia-ICT HP250G5\.m2\repository\org\springframework\plugin\spring-plugin-core\1.2.0.RELEASE\spring-plugin-core-1.2.0.RELEASE.jar;C:\Users\Arancia-ICT HP250G5\.m2\repository\org\springframework\plugin\spring-plugin-metadata\1.2.0.RELEASE\spring-plugin-metadata-1.2.0.RELEASE.jar;C:\Users\Arancia-ICT HP250G5\.m2\repository\io\springfox\springfox-bean-validators\2.9.2\springfox-bean-validators-2.9.2.jar;C:\Users\Arancia-ICT HP250G5\.m2\repository\com\mattbertolini\liquibase-slf4j\2.0.0\liquibase-slf4j-2.0.0.jar;C:\Users\Arancia-ICT HP250G5\.m2\repository\com\ryantenney\metrics\metrics-spring\3.1.3\metrics-spring-3.1.3.jar;C:\Users\Arancia-ICT HP250G5\.m2\repository\org\springframework\spring-core\5.0.10.RELEASE\spring-core-5.0.10.RELEASE.jar;C:\Users\Arancia-ICT HP250G5\.m2\repository\org\springframework\spring-jcl\5.0.10.RELEASE\spring-jcl-5.0.10.RELEASE.jar;C:\Users\Arancia-ICT HP250G5\.m2\repository\org\springframework\spring-beans\5.0.10.RELEASE\spring-beans-5.0.10.RELEASE.jar;C:\Users\Arancia-ICT HP250G5\.m2\repository\org\springframework\spring-aop\5.0.10.RELEASE\spring-aop-5.0.10.RELEASE.jar;C:\Users\Arancia-ICT HP250G5\.m2\repository\com\zaxxer\HikariCP\2.7.9\HikariCP-2.7.9.jar;C:\Users\Arancia-ICT HP250G5\.m2\repository\commons-io\commons-io\2.6\commons-io-2.6.jar;C:\Users\Arancia-ICT HP250G5\.m2\repository\com\google\code\gson\gson\2.8.5\gson-2.8.5.jar;C:\Users\Arancia-ICT HP250G5\.m2\repository\org\apache\commons\commons-lang3\3.7\commons-lang3-3.7.jar;C:\Users\Arancia-ICT HP250G5\.m2\repository\javax\cache\cache-api\1.1.0\cache-api-1.1.0.jar;C:\Users\Arancia-ICT HP250G5\.m2\repository\mysql\mysql-connector-java\5.1.47\mysql-connector-java-5.1.47.jar;C:\Users\Arancia-ICT HP250G5\.m2\repository\org\assertj\assertj-core\3.9.1\assertj-core-3.9.1.jar;C:\Users\Arancia-ICT HP250G5\.m2\repository\org\ehcache\ehcache\3.5.3\ehcache-3.5.3.jar;C:\Users\Arancia-ICT HP250G5\.m2\repository\org\hibernate\hibernate-jcache\5.2.17.Final\hibernate-jcache-5.2.17.Final.jar;C:\Users\Arancia-ICT HP250G5\.m2\repository\org\jboss\logging\jboss-logging\3.3.2.Final\jboss-logging-3.3.2.Final.jar;C:\Users\Arancia-ICT HP250G5\.m2\repository\org\hibernate\hibernate-core\5.2.17.Final\hibernate-core-5.2.17.Final.jar;C:\Users\Arancia-ICT HP250G5\.m2\repository\org\hibernate\javax\persistence\hibernate-jpa-2.1-api\1.0.2.Final\hibernate-jpa-2.1-api-1.0.2.Final.jar;C:\Users\Arancia-ICT HP250G5\.m2\repository\org\javassist\javassist\3.22.0-GA\javassist-3.22.0-GA.jar;C:\Users\Arancia-ICT HP250G5\.m2\repository\antlr\antlr\2.7.7\antlr-2.7.7.jar;C:\Users\Arancia-ICT HP250G5\.m2\repository\org\jboss\spec\javax\transaction\jboss-transaction-api_1.2_spec\1.0.1.Final\jboss-transaction-api_1.2_spec-1.0.1.Final.jar;C:\Users\Arancia-ICT HP250G5\.m2\repository\org\jboss\jandex\2.0.3.Final\jandex-2.0.3.Final.jar;C:\Users\Arancia-ICT HP250G5\.m2\repository\dom4j\dom4j\1.6.1\dom4j-1.6.1.jar;C:\Users\Arancia-ICT HP250G5\.m2\repository\org\hibernate\common\hibernate-commons-annotations\5.0.1.Final\hibernate-commons-annotations-5.0.1.Final.jar;C:\Users\Arancia-ICT HP250G5\.m2\repository\org\hibernate\hibernate-jpamodelgen\5.2.17.Final\hibernate-jpamodelgen-5.2.17.Final.jar;C:\Users\Arancia-ICT HP250G5\.m2\repository\org\hibernate\hibernate-envers\5.2.17.Final\hibernate-envers-5.2.17.Final.jar;C:\Users\Arancia-ICT HP250G5\.m2\repository\org\hibernate\validator\hibernate-validator\6.0.13.Final\hibernate-validator-6.0.13.Final.jar;C:\Users\Arancia-ICT HP250G5\.m2\repository\javax\validation\validation-api\2.0.1.Final\validation-api-2.0.1.Final.jar;C:\Users\Arancia-ICT HP250G5\.m2\repository\org\liquibase\liquibase-core\3.5.5\liquibase-core-3.5.5.jar;C:\Users\Arancia-ICT HP250G5\.m2\repository\org\yaml\snakeyaml\1.19\snakeyaml-1.19.jar;C:\Users\Arancia-ICT HP250G5\.m2\repository\net\logstash\logback\logstash-logback-encoder\5.2\logstash-logback-encoder-5.2.jar;C:\Users\Arancia-ICT HP250G5\.m2\repository\org\mapstruct\mapstruct-jdk8\1.2.0.Final\mapstruct-jdk8-1.2.0.Final.jar;C:\Users\Arancia-ICT HP250G5\.m2\repository\org\mapstruct\mapstruct-processor\1.2.0.Final\mapstruct-processor-1.2.0.Final.jar;C:\Users\Arancia-ICT HP250G5\.m2\repository\org\springframework\boot\spring-boot-configuration-processor\2.0.6.RELEASE\spring-boot-configuration-processor-2.0.6.RELEASE.jar;C:\Users\Arancia-ICT HP250G5\.m2\repository\org\springframework\boot\spring-boot-loader-tools\2.0.6.RELEASE\spring-boot-loader-tools-2.0.6.RELEASE.jar;C:\Users\Arancia-ICT HP250G5\.m2\repository\org\apache\commons\commons-compress\1.14\commons-compress-1.14.jar;C:\Users\Arancia-ICT HP250G5\.m2\repository\org\springframework\boot\spring-boot-starter-actuator\2.0.6.RELEASE\spring-boot-starter-actuator-2.0.6.RELEASE.jar;C:\Users\Arancia-ICT HP250G5\.m2\repository\io\micrometer\micrometer-core\1.0.7\micrometer-core-1.0.7.jar;C:\Users\Arancia-ICT HP250G5\.m2\repository\org\hdrhistogram\HdrHistogram\2.1.10\HdrHistogram-2.1.10.jar;C:\Users\Arancia-ICT HP250G5\.m2\repository\org\latencyutils\LatencyUtils\2.0.3\LatencyUtils-2.0.3.jar;C:\Users\Arancia-ICT HP250G5\.m2\repository\org\springframework\boot\spring-boot-starter-aop\2.0.6.RELEASE\spring-boot-starter-aop-2.0.6.RELEASE.jar;C:\Users\Arancia-ICT HP250G5\.m2\repository\org\aspectj\aspectjweaver\1.8.13\aspectjweaver-1.8.13.jar;C:\Users\Arancia-ICT HP250G5\.m2\repository\org\springframework\boot\spring-boot-starter-data-jpa\2.0.6.RELEASE\spring-boot-starter-data-jpa-2.0.6.RELEASE.jar;C:\Users\Arancia-ICT HP250G5\.m2\repository\org\springframework\boot\spring-boot-starter-jdbc\2.0.6.RELEASE\spring-boot-starter-jdbc-2.0.6.RELEASE.jar;C:\Users\Arancia-ICT HP250G5\.m2\repository\org\springframework\spring-jdbc\5.0.10.RELEASE\spring-jdbc-5.0.10.RELEASE.jar;C:\Users\Arancia-ICT HP250G5\.m2\repository\javax\transaction\javax.transaction-api\1.2\javax.transaction-api-1.2.jar;C:\Users\Arancia-ICT HP250G5\.m2\repository\org\springframework\data\spring-data-jpa\2.0.11.RELEASE\spring-data-jpa-2.0.11.RELEASE.jar;C:\Users\Arancia-ICT HP250G5\.m2\repository\org\springframework\spring-orm\5.0.10.RELEASE\spring-orm-5.0.10.RELEASE.jar;C:\Users\Arancia-ICT HP250G5\.m2\repository\org\springframework\spring-tx\5.0.10.RELEASE\spring-tx-5.0.10.RELEASE.jar;C:\Users\Arancia-ICT HP250G5\.m2\repository\org\springframework\spring-aspects\5.0.10.RELEASE\spring-aspects-5.0.10.RELEASE.jar;C:\Users\Arancia-ICT HP250G5\.m2\repository\org\springframework\boot\spring-boot-starter-logging\2.0.6.RELEASE\spring-boot-starter-logging-2.0.6.RELEASE.jar;C:\Users\Arancia-ICT HP250G5\.m2\repository\ch\qos\logback\logback-classic\1.2.3\logback-classic-1.2.3.jar;C:\Users\Arancia-ICT HP250G5\.m2\repository\ch\qos\logback\logback-core\1.2.3\logback-core-1.2.3.jar;C:\Users\Arancia-ICT HP250G5\.m2\repository\org\apache\logging\log4j\log4j-to-slf4j\2.10.0\log4j-to-slf4j-2.10.0.jar;C:\Users\Arancia-ICT HP250G5\.m2\repository\org\apache\logging\log4j\log4j-api\2.10.0\log4j-api-2.10.0.jar;C:\Users\Arancia-ICT HP250G5\.m2\repository\org\slf4j\jul-to-slf4j\1.7.25\jul-to-slf4j-1.7.25.jar;C:\Users\Arancia-ICT HP250G5\.m2\repository\org\springframework\boot\spring-boot-starter-mail\2.0.6.RELEASE\spring-boot-starter-mail-2.0.6.RELEASE.jar;C:\Users\Arancia-ICT HP250G5\.m2\repository\com\sun\mail\javax.mail\1.6.2\javax.mail-1.6.2.jar;C:\Users\Arancia-ICT HP250G5\.m2\repository\javax\activation\activation\1.1\activation-1.1.jar;C:\Users\Arancia-ICT HP250G5\.m2\repository\org\springframework\boot\spring-boot-starter-security\2.0.6.RELEASE\spring-boot-starter-security-2.0.6.RELEASE.jar;C:\Users\Arancia-ICT HP250G5\.m2\repository\org\springframework\security\spring-security-config\5.0.9.RELEASE\spring-security-config-5.0.9.RELEASE.jar;C:\Users\Arancia-ICT HP250G5\.m2\repository\org\springframework\security\spring-security-web\5.0.9.RELEASE\spring-security-web-5.0.9.RELEASE.jar;C:\Users\Arancia-ICT HP250G5\.m2\repository\org\springframework\boot\spring-boot-starter-thymeleaf\2.0.6.RELEASE\spring-boot-starter-thymeleaf-2.0.6.RELEASE.jar;C:\Users\Arancia-ICT HP250G5\.m2\repository\org\thymeleaf\thymeleaf-spring5\3.0.10.RELEASE\thymeleaf-spring5-3.0.10.RELEASE.jar;C:\Users\Arancia-ICT HP250G5\.m2\repository\org\thymeleaf\thymeleaf\3.0.10.RELEASE\thymeleaf-3.0.10.RELEASE.jar;C:\Users\Arancia-ICT HP250G5\.m2\repository\org\attoparser\attoparser\2.0.5.RELEASE\attoparser-2.0.5.RELEASE.jar;C:\Users\Arancia-ICT HP250G5\.m2\repository\org\unbescape\unbescape\1.1.6.RELEASE\unbescape-1.1.6.RELEASE.jar;C:\Users\Arancia-ICT HP250G5\.m2\repository\org\thymeleaf\extras\thymeleaf-extras-java8time\3.0.1.RELEASE\thymeleaf-extras-java8time-3.0.1.RELEASE.jar;C:\Users\Arancia-ICT HP250G5\.m2\repository\org\springframework\boot\spring-boot-starter-web\2.0.6.RELEASE\spring-boot-starter-web-2.0.6.RELEASE.jar;C:\Users\Arancia-ICT HP250G5\.m2\repository\org\springframework\boot\spring-boot-starter-json\2.0.6.RELEASE\spring-boot-starter-json-2.0.6.RELEASE.jar;C:\Users\Arancia-ICT HP250G5\.m2\repository\com\fasterxml\jackson\datatype\jackson-datatype-jdk8\2.9.7\jackson-datatype-jdk8-2.9.7.jar;C:\Users\Arancia-ICT HP250G5\.m2\repository\com\fasterxml\jackson\module\jackson-module-parameter-names\2.9.7\jackson-module-parameter-names-2.9.7.jar;C:\Users\Arancia-ICT HP250G5\.m2\repository\org\springframework\spring-web\5.0.10.RELEASE\spring-web-5.0.10.RELEASE.jar;C:\Users\Arancia-ICT HP250G5\.m2\repository\org\springframework\spring-webmvc\5.0.10.RELEASE\spring-webmvc-5.0.10.RELEASE.jar;C:\Users\Arancia-ICT HP250G5\.m2\repository\org\springframework\boot\spring-boot-starter-test\2.0.6.RELEASE\spring-boot-starter-test-2.0.6.RELEASE.jar;C:\Users\Arancia-ICT HP250G5\.m2\repository\org\springframework\boot\spring-boot-test-autoconfigure\2.0.6.RELEASE\spring-boot-test-autoconfigure-2.0.6.RELEASE.jar;C:\Users\Arancia-ICT HP250G5\.m2\repository\junit\junit\4.12\junit-4.12.jar;C:\Users\Arancia-ICT HP250G5\.m2\repository\org\mockito\mockito-core\2.15.0\mockito-core-2.15.0.jar;C:\Users\Arancia-ICT HP250G5\.m2\repository\net\bytebuddy\byte-buddy\1.7.11\byte-buddy-1.7.11.jar;C:\Users\Arancia-ICT HP250G5\.m2\repository\net\bytebuddy\byte-buddy-agent\1.7.11\byte-buddy-agent-1.7.11.jar;C:\Users\Arancia-ICT HP250G5\.m2\repository\org\objenesis\objenesis\2.6\objenesis-2.6.jar;C:\Users\Arancia-ICT HP250G5\.m2\repository\org\hamcrest\hamcrest-core\1.3\hamcrest-core-1.3.jar;C:\Users\Arancia-ICT HP250G5\.m2\repository\org\hamcrest\hamcrest-library\1.3\hamcrest-library-1.3.jar;C:\Users\Arancia-ICT HP250G5\.m2\repository\org\skyscreamer\jsonassert\1.5.0\jsonassert-1.5.0.jar;C:\Users\Arancia-ICT HP250G5\.m2\repository\org\springframework\spring-test\5.0.10.RELEASE\spring-test-5.0.10.RELEASE.jar;C:\Users\Arancia-ICT HP250G5\.m2\repository\org\xmlunit\xmlunit-core\2.5.1\xmlunit-core-2.5.1.jar;C:\Users\Arancia-ICT HP250G5\.m2\repository\org\springframework\boot\spring-boot-test\2.0.6.RELEASE\spring-boot-test-2.0.6.RELEASE.jar;C:\Users\Arancia-ICT HP250G5\.m2\repository\org\springframework\boot\spring-boot\2.0.6.RELEASE\spring-boot-2.0.6.RELEASE.jar;C:\Users\Arancia-ICT HP250G5\.m2\repository\org\springframework\security\spring-security-test\5.0.9.RELEASE\spring-security-test-5.0.9.RELEASE.jar;C:\Users\Arancia-ICT HP250G5\.m2\repository\org\springframework\security\spring-security-core\5.0.9.RELEASE\spring-security-core-5.0.9.RELEASE.jar;C:\Users\Arancia-ICT HP250G5\.m2\repository\org\zalando\problem-spring-web\0.24.0-RC.0\problem-spring-web-0.24.0-RC.0.jar;C:\Users\Arancia-ICT HP250G5\.m2\repository\org\zalando\problem-violations\0.24.0-RC.0\problem-violations-0.24.0-RC.0.jar;C:\Users\Arancia-ICT HP250G5\.m2\repository\org\zalando\problem-spring-common\0.24.0-RC.0\problem-spring-common-0.24.0-RC.0.jar;C:\Users\Arancia-ICT HP250G5\.m2\repository\org\apiguardian\apiguardian-api\1.0.0\apiguardian-api-1.0.0.jar;C:\Users\Arancia-ICT HP250G5\.m2\repository\com\google\code\findbugs\jsr305\3.0.2\jsr305-3.0.2.jar;C:\Users\Arancia-ICT HP250G5\.m2\repository\org\zalando\problem\0.21.0\problem-0.21.0.jar;C:\Users\Arancia-ICT HP250G5\.m2\repository\org\zalando\jackson-datatype-problem\0.21.0\jackson-datatype-problem-0.21.0.jar;C:\Users\Arancia-ICT HP250G5\.m2\repository\org\zalando\faux-pas\0.8.0\faux-pas-0.8.0.jar;C:\Users\Arancia-ICT HP250G5\.m2\repository\org\springframework\boot\spring-boot-starter-cloud-connectors\2.0.6.RELEASE\spring-boot-starter-cloud-connectors-2.0.6.RELEASE.jar;C:\Users\Arancia-ICT HP250G5\.m2\repository\org\springframework\cloud\spring-cloud-spring-service-connector\2.0.3.RELEASE\spring-cloud-spring-service-connector-2.0.3.RELEASE.jar;C:\Users\Arancia-ICT HP250G5\.m2\repository\org\springframework\cloud\spring-cloud-connectors-core\2.0.3.RELEASE\spring-cloud-connectors-core-2.0.3.RELEASE.jar;C:\Users\Arancia-ICT HP250G5\.m2\repository\org\springframework\cloud\spring-cloud-cloudfoundry-connector\2.0.3.RELEASE\spring-cloud-cloudfoundry-connector-2.0.3.RELEASE.jar;C:\Users\Arancia-ICT HP250G5\.m2\repository\org\springframework\cloud\spring-cloud-heroku-connector\2.0.3.RELEASE\spring-cloud-heroku-connector-2.0.3.RELEASE.jar;C:\Users\Arancia-ICT HP250G5\.m2\repository\org\springframework\cloud\spring-cloud-localconfig-connector\2.0.3.RELEASE\spring-cloud-localconfig-connector-2.0.3.RELEASE.jar;C:\Users\Arancia-ICT HP250G5\.m2\repository\org\springframework\security\spring-security-data\5.0.9.RELEASE\spring-security-data-5.0.9.RELEASE.jar;C:\Users\Arancia-ICT HP250G5\.m2\repository\javax\xml\bind\jaxb-api\2.3.1\jaxb-api-2.3.1.jar;C:\Users\Arancia-ICT HP250G5\.m2\repository\javax\activation\javax.activation-api\1.2.0\javax.activation-api-1.2.0.jar;C:\Users\Arancia-ICT HP250G5\.m2\repository\org\springframework\data\spring-data-commons\2.0.11.RELEASE\spring-data-commons-2.0.11.RELEASE.jar;C:\Users\Arancia-ICT HP250G5\.m2\repository\org\springframework\boot\spring-boot-starter-undertow\2.0.6.RELEASE\spring-boot-starter-undertow-2.0.6.RELEASE.jar;C:\Users\Arancia-ICT HP250G5\.m2\repository\io\undertow\undertow-core\1.4.26.Final\undertow-core-1.4.26.Final.jar;C:\Users\Arancia-ICT HP250G5\.m2\repository\org\jboss\xnio\xnio-api\3.3.8.Final\xnio-api-3.3.8.Final.jar;C:\Users\Arancia-ICT HP250G5\.m2\repository\org\jboss\xnio\xnio-nio\3.3.8.Final\xnio-nio-3.3.8.Final.jar;C:\Users\Arancia-ICT HP250G5\.m2\repository\io\undertow\undertow-servlet\1.4.26.Final\undertow-servlet-1.4.26.Final.jar;C:\Users\Arancia-ICT HP250G5\.m2\repository\org\jboss\spec\javax\annotation\jboss-annotations-api_1.2_spec\1.0.2.Final\jboss-annotations-api_1.2_spec-1.0.2.Final.jar;C:\Users\Arancia-ICT HP250G5\.m2\repository\io\undertow\undertow-websockets-jsr\1.4.26.Final\undertow-websockets-jsr-1.4.26.Final.jar;C:\Users\Arancia-ICT HP250G5\.m2\repository\org\jboss\spec\javax\websocket\jboss-websocket-api_1.1_spec\1.1.3.Final\jboss-websocket-api_1.1_spec-1.1.3.Final.jar;C:\Users\Arancia-ICT HP250G5\.m2\repository\javax\servlet\javax.servlet-api\3.1.0\javax.servlet-api-3.1.0.jar;C:\Users\Arancia-ICT HP250G5\.m2\repository\org\glassfish\javax.el\3.0.0\javax.el-3.0.0.jar;C:\Users\Arancia-ICT HP250G5\.m2\repository\org\springframework\boot\spring-boot-devtools\2.0.6.RELEASE\spring-boot-devtools-2.0.6.RELEASE.jar;"/>
    <property name="sun.cpu.endian" value="little"/>
    <property name="user.home" value="C:\Users\Arancia-ICT HP250G5"/>
    <property name="user.language" value="it"/>
    <property name="java.specification.vendor" value="Oracle Corporation"/>
    <property name="java.home" value="C:\Program Files\Java\jdk1.8.0_111\jre"/>
    <property name="basedir" value="C:\workspace-jidea\imprendocasa"/>
    <property name="file.separator" value="\"/>
    <property name="line.separator" value="&#10;"/>
    <property name="java.vm.specification.vendor" value="Oracle Corporation"/>
    <property name="java.specification.name" value="Java Platform API Specification"/>
    <property name="java.awt.graphicsenv" value="sun.awt.Win32GraphicsEnvironment"/>
    <property name="sun.boot.class.path" value="C:\Program Files\Java\jdk1.8.0_111\jre\lib\resources.jar;C:\Program Files\Java\jdk1.8.0_111\jre\lib\rt.jar;C:\Program Files\Java\jdk1.8.0_111\jre\lib\sunrsasign.jar;C:\Program Files\Java\jdk1.8.0_111\jre\lib\jsse.jar;C:\Program Files\Java\jdk1.8.0_111\jre\lib\jce.jar;C:\Program Files\Java\jdk1.8.0_111\jre\lib\charsets.jar;C:\Program Files\Java\jdk1.8.0_111\jre\lib\jfr.jar;C:\Program Files\Java\jdk1.8.0_111\jre\classes"/>
    <property name="user.script" value=""/>
    <property name="sun.management.compiler" value="HotSpot 64-Bit Tiered Compilers"/>
    <property name="java.runtime.version" value="1.8.0_111-b14"/>
    <property name="user.name" value="Arancia-ICT HP250G5"/>
    <property name="path.separator" value=";"/>
    <property name="java.security.egd" value="file:/dev/./urandom"/>
    <property name="os.version" value="10.0"/>
    <property name="java.endorsed.dirs" value="C:\Program Files\Java\jdk1.8.0_111\jre\lib\endorsed"/>
    <property name="java.runtime.name" value="Java(TM) SE Runtime Environment"/>
    <property name="file.encoding" value="Cp1252"/>
    <property name="java.vm.name" value="Java HotSpot(TM) 64-Bit Server VM"/>
    <property name="localRepository" value="C:\Users\Arancia-ICT HP250G5\.m2\repository"/>
    <property name="java.vendor.url.bug" value="http://bugreport.sun.com/bugreport/"/>
    <property name="java.io.tmpdir" value="C:\Users\ARANCI~1\AppData\Local\Temp\"/>
    <property name="idea.version" value="2018.3.3"/>
    <property name="java.version" value="1.8.0_111"/>
    <property name="user.dir" value="C:\workspace-jidea\imprendocasa"/>
    <property name="os.arch" value="amd64"/>
    <property name="java.vm.specification.name" value="Java Virtual Machine Specification"/>
    <property name="java.awt.printerjob" value="sun.awt.windows.WPrinterJob"/>
    <property name="sun.os.patch.level" value=""/>
    <property name="java.library.path" value="C:\Program Files\Java\jdk1.8.0_111\jre\bin;C:\Windows\Sun\Java\bin;C:\Windows\system32;C:\Windows;C:\Windows\system32;C:\Windows;C:\Windows\System32\Wbem;C:\Windows\System32\WindowsPowerShell\v1.0\;C:\Program Files\nodejs\;C:\Program Files\IDM Computer Solutions\UltraEdit;C:\Program Files\Java\jdk1.8.0_111\bin;C:\apache-maven-3.6.0\bin;C:\Program Files\TortoiseSVN\bin;C:\Users\Arancia-ICT HP250G5\AppData\Local\Microsoft\WindowsApps;C:\Users\Arancia-ICT HP250G5\AppData\Roaming\npm;C:\Program Files\JetBrains\IntelliJ IDEA 2018.3.3\bin;;."/>
    <property name="java.vm.info" value="mixed mode"/>
    <property name="java.vendor" value="Oracle Corporation"/>
    <property name="java.vm.version" value="25.111-b14"/>
    <property name="java.ext.dirs" value="C:\Program Files\Java\jdk1.8.0_111\jre\lib\ext;C:\Windows\Sun\Java\lib\ext"/>
    <property name="sun.io.unicode.encoding" value="UnicodeLittle"/>
    <property name="java.class.version" value="52.0"/>
  </properties>
  <testcase name="testCorsFilterOnOtherPath" classname="it.arancia.config.WebConfigurerTest" time="5.41"/>
  <testcase name="testCorsFilterDeactivated" classname="it.arancia.config.WebConfigurerTest" time="0.037"/>
  <testcase name="testStartUpProdServletContext" classname="it.arancia.config.WebConfigurerTest" time="0.18"/>
  <testcase name="testUndertowHttp2Enabled" classname="it.arancia.config.WebConfigurerTest" time="0.103"/>
  <testcase name="testCorsFilterOnApiPath" classname="it.arancia.config.WebConfigurerTest" time="0.057"/>
  <testcase name="testStartUpDevServletContext" classname="it.arancia.config.WebConfigurerTest" time="0.009"/>
  <testcase name="testCorsFilterDeactivated2" classname="it.arancia.config.WebConfigurerTest" time="0.05"/>
  <testcase name="testCustomizeServletContainer" classname="it.arancia.config.WebConfigurerTest" time="0.015"/>
</testsuite>